[0.007s] Invoking command in '/home/janhavi/swarm_ws/build/swarm_data': /usr/bin/cmake --build /home/janhavi/swarm_ws/build/swarm_data -- -j12 -l12
[0.022s] -- Found ament_cmake: 1.3.11 (/opt/ros/humble/share/ament_cmake/cmake)
[0.098s] -- Found rclpy: 3.3.15 (/opt/ros/humble/share/rclpy/cmake)
[0.099s] -- Found rclcpp: 16.0.11 (/opt/ros/humble/share/rclcpp/cmake)
[0.137s] -- Found rosidl_generator_c: 3.1.6 (/opt/ros/humble/share/rosidl_generator_c/cmake)
[0.140s] -- Found rosidl_adapter: 3.1.6 (/opt/ros/humble/share/rosidl_adapter/cmake)
[0.146s] -- Found rosidl_generator_cpp: 3.1.6 (/opt/ros/humble/share/rosidl_generator_cpp/cmake)
[0.157s] -- Using all available rosidl_typesupport_c: rosidl_typesupport_fastrtps_c;rosidl_typesupport_introspection_c
[0.168s] -- Using all available rosidl_typesupport_cpp: rosidl_typesupport_fastrtps_cpp;rosidl_typesupport_introspection_cpp
[0.199s] -- Found rmw_implementation_cmake: 6.1.2 (/opt/ros/humble/share/rmw_implementation_cmake/cmake)
[0.201s] -- Found rmw_cyclonedds_cpp: 1.3.4 (/opt/ros/humble/share/rmw_cyclonedds_cpp/cmake)
[0.218s] -- Using RMW implementation 'rmw_cyclonedds_cpp' as default
[0.226s] -- Looking for pthread.h
[0.292s] -- Looking for pthread.h - found
[0.292s] -- Performing Test CMAKE_HAVE_LIBC_PTHREAD
[0.354s] -- Performing Test CMAKE_HAVE_LIBC_PTHREAD - Success
[0.354s] -- Found Threads: TRUE  
[0.397s] -- Found gazebo_msgs: 3.9.0 (/opt/ros/humble/share/gazebo_msgs/cmake)
[0.440s] -- Found sensor_msgs: 4.2.4 (/opt/ros/humble/share/sensor_msgs/cmake)
[0.452s] -- Found nav_msgs: 4.2.4 (/opt/ros/humble/share/nav_msgs/cmake)
[0.462s] -- Found ament_lint_auto: 0.12.11 (/opt/ros/humble/share/ament_lint_auto/cmake)
[0.492s] Error parsing '/home/janhavi/swarm_ws/src/swarm_data/package.xml':
[0.519s] Traceback (most recent call last):
[0.519s]   File "/opt/ros/humble/share/ament_cmake_core/cmake/core/package_xml_2_cmake.py", line 150, in <module>
[0.519s]     main()
[0.519s]   File "/opt/ros/humble/share/ament_cmake_core/cmake/core/package_xml_2_cmake.py", line 53, in main
[0.519s]     raise e
[0.519s]   File "/opt/ros/humble/share/ament_cmake_core/cmake/core/package_xml_2_cmake.py", line 49, in main
[0.519s]     package = parse_package_string(
[0.519s]   File "/usr/lib/python3/dist-packages/catkin_pkg/package.py", line 786, in parse_package_string
[0.519s]     raise InvalidPackage('Error(s):%s' % (''.join(['\n- %s' % e for e in errors])), filename)
[0.520s] catkin_pkg.package.InvalidPackage: Error(s) in package '/home/janhavi/swarm_ws/src/swarm_data/package.xml':
[0.520s] Error(s):
[0.520s] - The generic dependency on 'rclpy' is redundant with: exec_depend
[0.529s] [31mCMake Error at /opt/ros/humble/share/ament_cmake_core/cmake/core/ament_package_xml.cmake:95 (message):
[0.529s]   execute_process(/usr/bin/python3
[0.529s]   /opt/ros/humble/share/ament_cmake_core/cmake/core/package_xml_2_cmake.py
[0.529s]   /home/janhavi/swarm_ws/src/swarm_data/package.xml
[0.529s]   /home/janhavi/swarm_ws/build/swarm_data/ament_cmake_core/package.cmake)
[0.529s]   returned error code 1
[0.529s] Call Stack (most recent call first):
[0.529s]   /opt/ros/humble/share/ament_cmake_core/cmake/core/ament_package_xml.cmake:49 (_ament_package_xml)
[0.529s]   /opt/ros/humble/share/ament_lint_auto/cmake/ament_lint_auto_find_test_dependencies.cmake:31 (ament_package_xml)
[0.529s]   CMakeLists.txt:28 (ament_lint_auto_find_test_dependencies)
[0.529s] 
[0.530s] [0m
[0.530s] -- Configuring incomplete, errors occurred!
[0.530s] See also "/home/janhavi/swarm_ws/build/swarm_data/CMakeFiles/CMakeOutput.log".
[0.535s] gmake: *** [Makefile:226: cmake_check_build_system] Error 1
[0.536s] Invoked command in '/home/janhavi/swarm_ws/build/swarm_data' returned '2': /usr/bin/cmake --build /home/janhavi/swarm_ws/build/swarm_data -- -j12 -l12
