[0.000000] (-) TimerEvent: {}
[0.000329] (swarm_data) JobQueued: {'identifier': 'swarm_data', 'dependencies': OrderedDict()}
[0.000361] (swarm_data) JobStarted: {'identifier': 'swarm_data'}
[0.004389] (swarm_data) JobProgress: {'identifier': 'swarm_data', 'progress': 'cmake'}
[0.005435] (swarm_data) JobProgress: {'identifier': 'swarm_data', 'progress': 'build'}
[0.005487] (swarm_data) Command: {'cmd': ['/usr/bin/cmake', '--build', '/home/janhavi/swarm_ws/build/swarm_data', '--', '-j12', '-l12'], 'cwd': '/home/janhavi/swarm_ws/build/swarm_data', 'env': OrderedDict([('LESSOPEN', '| /usr/bin/lesspipe %s'), ('LANGUAGE', 'en_IN:en'), ('USER', 'janhavi'), ('ROS_PACKAGE_PATH', ':/home/janhavi:/home/janhavi/Tools/simulation/gazebo-classic/sitl_gazebo-classic'), ('XDG_SESSION_TYPE', 'wayland'), ('SHLVL', '1'), ('LD_LIBRARY_PATH', '/usr/lib/x86_64-linux-gnu/gazebo-11/plugins:/opt/ros/humble/opt/rviz_ogre_vendor/lib:/opt/ros/humble/lib/x86_64-linux-gnu:/opt/ros/humble/lib'), ('HOME', '/home/janhavi'), ('OLDPWD', '/home/janhavi'), ('DESKTOP_SESSION', 'ubuntu'), ('ROS_PYTHON_VERSION', '3'), ('GNOME_SHELL_SESSION_MODE', 'ubuntu'), ('GTK_MODULES', 'gail:atk-bridge'), ('SYSTEMD_EXEC_PID', '1982'), ('DBUS_SESSION_BUS_ADDRESS', 'unix:path=/run/user/1000/bus'), ('COLORTERM', 'truecolor'), ('IM_CONFIG_PHASE', '1'), ('WAYLAND_DISPLAY', 'wayland-0'), ('COLCON_PREFIX_PATH', '/home/janhavi/swarm_ws/install'), ('ROS_DISTRO', 'humble'), ('LOGNAME', 'janhavi'), ('_', '/usr/bin/colcon'), ('ROS_VERSION', '2'), ('XDG_SESSION_CLASS', 'user'), ('USERNAME', 'janhavi'), ('TERM', 'xterm-256color'), ('GNOME_DESKTOP_SESSION_ID', 'this-is-deprecated'), ('ROS_LOCALHOST_ONLY', '0'), ('PATH', '/home/janhavi/.local/bin:/opt/ros/humble/bin:/home/janhavi/.local/bin:/usr/local/sbin:/usr/local/bin:/usr/sbin:/usr/bin:/sbin:/bin:/usr/games:/usr/local/games:/snap/bin:/snap/bin'), ('SESSION_MANAGER', 'local/janhavi-Inspiron-14-7420-2-in-1:@/tmp/.ICE-unix/1946,unix/janhavi-Inspiron-14-7420-2-in-1:/tmp/.ICE-unix/1946'), ('XDG_MENU_PREFIX', 'gnome-'), ('GNOME_TERMINAL_SCREEN', '/org/gnome/Terminal/screen/4f4a097a_76db_4576_8232_4c7cfa94086d'), ('GNOME_SETUP_DISPLAY', ':1'), ('XDG_RUNTIME_DIR', '/run/user/1000'), ('DISPLAY', ':0'), ('LANG', 'en_US.UTF-8'), ('XDG_CURRENT_DESKTOP', 'ubuntu:GNOME'), ('RMW_IMPLEMENTATION', 'rmw_cyclonedds_cpp'), ('XMODIFIERS', '@im=ibus'), ('XDG_SESSION_DESKTOP', 'ubuntu'), ('XAUTHORITY', '/run/user/1000/.mutter-Xwaylandauth.SIOM82'), ('LS_COLORS', 'rs=0:di=01;34:ln=01;36:mh=00:pi=40;33:so=01;35:do=01;35:bd=40;33;01:cd=40;33;01:or=40;31;01:mi=00:su=37;41:sg=30;43:ca=30;41:tw=30;42:ow=34;42:st=37;44:ex=01;32:*.tar=01;31:*.tgz=01;31:*.arc=01;31:*.arj=01;31:*.taz=01;31:*.lha=01;31:*.lz4=01;31:*.lzh=01;31:*.lzma=01;31:*.tlz=01;31:*.txz=01;31:*.tzo=01;31:*.t7z=01;31:*.zip=01;31:*.z=01;31:*.dz=01;31:*.gz=01;31:*.lrz=01;31:*.lz=01;31:*.lzo=01;31:*.xz=01;31:*.zst=01;31:*.tzst=01;31:*.bz2=01;31:*.bz=01;31:*.tbz=01;31:*.tbz2=01;31:*.tz=01;31:*.deb=01;31:*.rpm=01;31:*.jar=01;31:*.war=01;31:*.ear=01;31:*.sar=01;31:*.rar=01;31:*.alz=01;31:*.ace=01;31:*.zoo=01;31:*.cpio=01;31:*.7z=01;31:*.rz=01;31:*.cab=01;31:*.wim=01;31:*.swm=01;31:*.dwm=01;31:*.esd=01;31:*.jpg=01;35:*.jpeg=01;35:*.mjpg=01;35:*.mjpeg=01;35:*.gif=01;35:*.bmp=01;35:*.pbm=01;35:*.pgm=01;35:*.ppm=01;35:*.tga=01;35:*.xbm=01;35:*.xpm=01;35:*.tif=01;35:*.tiff=01;35:*.png=01;35:*.svg=01;35:*.svgz=01;35:*.mng=01;35:*.pcx=01;35:*.mov=01;35:*.mpg=01;35:*.mpeg=01;35:*.m2v=01;35:*.mkv=01;35:*.webm=01;35:*.webp=01;35:*.ogm=01;35:*.mp4=01;35:*.m4v=01;35:*.mp4v=01;35:*.vob=01;35:*.qt=01;35:*.nuv=01;35:*.wmv=01;35:*.asf=01;35:*.rm=01;35:*.rmvb=01;35:*.flc=01;35:*.avi=01;35:*.fli=01;35:*.flv=01;35:*.gl=01;35:*.dl=01;35:*.xcf=01;35:*.xwd=01;35:*.yuv=01;35:*.cgm=01;35:*.emf=01;35:*.ogv=01;35:*.ogx=01;35:*.aac=00;36:*.au=00;36:*.flac=00;36:*.m4a=00;36:*.mid=00;36:*.midi=00;36:*.mka=00;36:*.mp3=00;36:*.mpc=00;36:*.ogg=00;36:*.ra=00;36:*.wav=00;36:*.oga=00;36:*.opus=00;36:*.spx=00;36:*.xspf=00;36:'), ('GNOME_TERMINAL_SERVICE', ':1.130'), ('SSH_AGENT_LAUNCHER', 'gnome-keyring'), ('SSH_AUTH_SOCK', '/run/user/1000/keyring/ssh'), ('AMENT_PREFIX_PATH', '/home/janhavi/swarm_ws/install/swarm_data:/opt/ros/humble'), ('SHELL', '/bin/bash'), ('QT_ACCESSIBILITY', '1'), ('GDMSESSION', 'ubuntu'), ('LESSCLOSE', '/usr/bin/lesspipe %s %s'), ('QT_IM_MODULE', 'ibus'), ('PWD', '/home/janhavi/swarm_ws/build/swarm_data'), ('TURTLEBOT3_MODEL', 'waffle_pi'), ('LC_ALL', 'en_US.UTF-8'), ('XDG_CONFIG_DIRS', '/etc/xdg/xdg-ubuntu:/etc/xdg'), ('XDG_DATA_DIRS', '/usr/share/ubuntu:/usr/local/share/:/usr/share/:/var/lib/snapd/desktop'), ('PYTHONPATH', '/opt/ros/humble/lib/python3.10/site-packages:/opt/ros/humble/local/lib/python3.10/dist-packages'), ('COLCON', '1'), ('VTE_VERSION', '6800'), ('CMAKE_PREFIX_PATH', '/home/janhavi/swarm_ws/install/swarm_data')]), 'shell': False}
[0.022097] (swarm_data) StdoutLine: {'line': b'-- Found ament_cmake: 1.3.11 (/opt/ros/humble/share/ament_cmake/cmake)\n'}
[0.097907] (swarm_data) StdoutLine: {'line': b'-- Found rclpy: 3.3.15 (/opt/ros/humble/share/rclpy/cmake)\n'}
[0.099485] (-) TimerEvent: {}
[0.099749] (swarm_data) StdoutLine: {'line': b'-- Found rclcpp: 16.0.11 (/opt/ros/humble/share/rclcpp/cmake)\n'}
[0.136891] (swarm_data) StdoutLine: {'line': b'-- Found rosidl_generator_c: 3.1.6 (/opt/ros/humble/share/rosidl_generator_c/cmake)\n'}
[0.140686] (swarm_data) StdoutLine: {'line': b'-- Found rosidl_adapter: 3.1.6 (/opt/ros/humble/share/rosidl_adapter/cmake)\n'}
[0.146780] (swarm_data) StdoutLine: {'line': b'-- Found rosidl_generator_cpp: 3.1.6 (/opt/ros/humble/share/rosidl_generator_cpp/cmake)\n'}
[0.156962] (swarm_data) StdoutLine: {'line': b'-- Using all available rosidl_typesupport_c: rosidl_typesupport_fastrtps_c;rosidl_typesupport_introspection_c\n'}
[0.168276] (swarm_data) StdoutLine: {'line': b'-- Using all available rosidl_typesupport_cpp: rosidl_typesupport_fastrtps_cpp;rosidl_typesupport_introspection_cpp\n'}
[0.199388] (swarm_data) StdoutLine: {'line': b'-- Found rmw_implementation_cmake: 6.1.2 (/opt/ros/humble/share/rmw_implementation_cmake/cmake)\n'}
[0.199547] (-) TimerEvent: {}
[0.201498] (swarm_data) StdoutLine: {'line': b'-- Found rmw_cyclonedds_cpp: 1.3.4 (/opt/ros/humble/share/rmw_cyclonedds_cpp/cmake)\n'}
[0.218599] (swarm_data) StdoutLine: {'line': b"-- Using RMW implementation 'rmw_cyclonedds_cpp' as default\n"}
[0.225906] (swarm_data) StdoutLine: {'line': b'-- Looking for pthread.h\n'}
[0.292453] (swarm_data) StdoutLine: {'line': b'-- Looking for pthread.h - found\n'}
[0.292711] (swarm_data) StdoutLine: {'line': b'-- Performing Test CMAKE_HAVE_LIBC_PTHREAD\n'}
[0.299715] (-) TimerEvent: {}
[0.353823] (swarm_data) StdoutLine: {'line': b'-- Performing Test CMAKE_HAVE_LIBC_PTHREAD - Success\n'}
[0.354660] (swarm_data) StdoutLine: {'line': b'-- Found Threads: TRUE  \n'}
[0.397041] (swarm_data) StdoutLine: {'line': b'-- Found gazebo_msgs: 3.9.0 (/opt/ros/humble/share/gazebo_msgs/cmake)\n'}
[0.399880] (-) TimerEvent: {}
[0.440652] (swarm_data) StdoutLine: {'line': b'-- Found sensor_msgs: 4.2.4 (/opt/ros/humble/share/sensor_msgs/cmake)\n'}
[0.451954] (swarm_data) StdoutLine: {'line': b'-- Found nav_msgs: 4.2.4 (/opt/ros/humble/share/nav_msgs/cmake)\n'}
[0.462584] (swarm_data) StdoutLine: {'line': b'-- Found ament_lint_auto: 0.12.11 (/opt/ros/humble/share/ament_lint_auto/cmake)\n'}
[0.492505] (swarm_data) StderrLine: {'line': b"Error parsing '/home/janhavi/swarm_ws/src/swarm_data/package.xml':\n"}
[0.500092] (-) TimerEvent: {}
[0.519022] (swarm_data) StderrLine: {'line': b'Traceback (most recent call last):\n'}
[0.519183] (swarm_data) StderrLine: {'line': b'  File "/opt/ros/humble/share/ament_cmake_core/cmake/core/package_xml_2_cmake.py", line 150, in <module>\n'}
[0.519261] (swarm_data) StderrLine: {'line': b'    main()\n'}
[0.519322] (swarm_data) StderrLine: {'line': b'  File "/opt/ros/humble/share/ament_cmake_core/cmake/core/package_xml_2_cmake.py", line 53, in main\n'}
[0.519380] (swarm_data) StderrLine: {'line': b'    raise e\n'}
[0.519440] (swarm_data) StderrLine: {'line': b'  File "/opt/ros/humble/share/ament_cmake_core/cmake/core/package_xml_2_cmake.py", line 49, in main\n'}
[0.519548] (swarm_data) StderrLine: {'line': b'    package = parse_package_string(\n'}
[0.519620] (swarm_data) StderrLine: {'line': b'  File "/usr/lib/python3/dist-packages/catkin_pkg/package.py", line 786, in parse_package_string\n'}
[0.519782] (swarm_data) StderrLine: {'line': b"    raise InvalidPackage('Error(s):%s' % (''.join(['\\n- %s' % e for e in errors])), filename)\n"}
[0.519868] (swarm_data) StderrLine: {'line': b"catkin_pkg.package.InvalidPackage: Error(s) in package '/home/janhavi/swarm_ws/src/swarm_data/package.xml':\n"}
[0.519932] (swarm_data) StderrLine: {'line': b'Error(s):\n'}
[0.519992] (swarm_data) StderrLine: {'line': b"- The generic dependency on 'rclpy' is redundant with: exec_depend\n"}
[0.529035] (swarm_data) StderrLine: {'line': b'\x1b[31mCMake Error at /opt/ros/humble/share/ament_cmake_core/cmake/core/ament_package_xml.cmake:95 (message):\n'}
[0.529269] (swarm_data) StderrLine: {'line': b'  execute_process(/usr/bin/python3\n'}
[0.529338] (swarm_data) StderrLine: {'line': b'  /opt/ros/humble/share/ament_cmake_core/cmake/core/package_xml_2_cmake.py\n'}
[0.529403] (swarm_data) StderrLine: {'line': b'  /home/janhavi/swarm_ws/src/swarm_data/package.xml\n'}
[0.529485] (swarm_data) StderrLine: {'line': b'  /home/janhavi/swarm_ws/build/swarm_data/ament_cmake_core/package.cmake)\n'}
[0.529558] (swarm_data) StderrLine: {'line': b'  returned error code 1\n'}
[0.529615] (swarm_data) StderrLine: {'line': b'Call Stack (most recent call first):\n'}
[0.529671] (swarm_data) StderrLine: {'line': b'  /opt/ros/humble/share/ament_cmake_core/cmake/core/ament_package_xml.cmake:49 (_ament_package_xml)\n'}
[0.529728] (swarm_data) StderrLine: {'line': b'  /opt/ros/humble/share/ament_lint_auto/cmake/ament_lint_auto_find_test_dependencies.cmake:31 (ament_package_xml)\n'}
[0.529784] (swarm_data) StderrLine: {'line': b'  CMakeLists.txt:28 (ament_lint_auto_find_test_dependencies)\n'}
[0.529840] (swarm_data) StderrLine: {'line': b'\n'}
[0.529896] (swarm_data) StderrLine: {'line': b'\x1b[0m\n'}
[0.529952] (swarm_data) StdoutLine: {'line': b'-- Configuring incomplete, errors occurred!\n'}
[0.530018] (swarm_data) StdoutLine: {'line': b'See also "/home/janhavi/swarm_ws/build/swarm_data/CMakeFiles/CMakeOutput.log".\n'}
[0.534854] (swarm_data) StderrLine: {'line': b'gmake: *** [Makefile:226: cmake_check_build_system] Error 1\n'}
[0.536255] (swarm_data) CommandEnded: {'returncode': 2}
[0.536598] (swarm_data) JobEnded: {'identifier': 'swarm_data', 'rc': 2}
[0.546849] (-) EventReactorShutdown: {}
